Wed Oct 01 15:11:15 ART 2008  [debug] AvalonLogSystem initialized using logfile 'velocity.log'
Wed Oct 01 15:11:15 ART 2008   [info] ************************************************************** 
Wed Oct 01 15:11:15 ART 2008   [info] Starting Jakarta Velocity v1.4
Wed Oct 01 15:11:15 ART 2008   [info] RuntimeInstance initializing.
Wed Oct 01 15:11:15 ART 2008   [info] Default Properties File: org/apache/velocity/runtime/defaults/velocity.properties
Wed Oct 01 15:11:15 ART 2008   [info] Trying to use logger class org.apache.velocity.runtime.log.AvalonLogSystem
Wed Oct 01 15:11:15 ART 2008   [info] Using logger class org.apache.velocity.runtime.log.AvalonLogSystem
Wed Oct 01 15:11:15 ART 2008   [info] Default ResourceManager initializing. (class org.apache.velocity.runtime.resource.ResourceManagerImpl)
Wed Oct 01 15:11:15 ART 2008   [info] Resource Loader Instantiated: org.apache.velocity.runtime.resource.loader.FileResourceLoader
Wed Oct 01 15:11:15 ART 2008   [info] FileResourceLoader : initialization starting.
Wed Oct 01 15:11:15 ART 2008   [info] FileResourceLoader : adding path '.'
Wed Oct 01 15:11:15 ART 2008   [info] FileResourceLoader : initialization complete.
Wed Oct 01 15:11:15 ART 2008   [info] ResourceCache : initialized. (class org.apache.velocity.runtime.resource.ResourceCacheImpl)
Wed Oct 01 15:11:15 ART 2008   [info] Default ResourceManager initialization complete.
Wed Oct 01 15:11:15 ART 2008   [info] Loaded System Directive: org.apache.velocity.runtime.directive.Literal
Wed Oct 01 15:11:15 ART 2008   [info] Loaded System Directive: org.apache.velocity.runtime.directive.Macro
Wed Oct 01 15:11:15 ART 2008   [info] Loaded System Directive: org.apache.velocity.runtime.directive.Parse
Wed Oct 01 15:11:15 ART 2008   [info] Loaded System Directive: org.apache.velocity.runtime.directive.Include
Wed Oct 01 15:11:15 ART 2008   [info] Loaded System Directive: org.apache.velocity.runtime.directive.Foreach
Wed Oct 01 15:11:15 ART 2008   [info] Created: 20 parsers.
Wed Oct 01 15:11:15 ART 2008   [info] Velocimacro : initialization starting.
Wed Oct 01 15:11:15 ART 2008   [info] Velocimacro : adding VMs from VM library template : VM_global_library.vm
Wed Oct 01 15:11:15 ART 2008  [error] ResourceManager : unable to find resource 'VM_global_library.vm' in any resource loader.
Wed Oct 01 15:11:15 ART 2008   [info] Velocimacro : error using  VM library template VM_global_library.vm : org.apache.velocity.exception.ResourceNotFoundException: Unable to find resource 'VM_global_library.vm'
Wed Oct 01 15:11:15 ART 2008   [info] Velocimacro :  VM library template macro registration complete.
Wed Oct 01 15:11:15 ART 2008   [info] Velocimacro : allowInline = true : VMs can be defined inline in templates
Wed Oct 01 15:11:15 ART 2008   [info] Velocimacro : allowInlineToOverride = false : VMs defined inline may NOT replace previous VM definitions
Wed Oct 01 15:11:15 ART 2008   [info] Velocimacro : allowInlineLocal = false : VMs defined inline will be  global in scope if allowed.
Wed Oct 01 15:11:15 ART 2008   [info] Velocimacro : messages on  : VM system will output logging messages
Wed Oct 01 15:11:15 ART 2008   [info] Velocimacro : autoload off  : VM system will not automatically reload global library macros
Wed Oct 01 15:11:15 ART 2008   [info] Velocimacro : initialization complete.
Wed Oct 01 15:11:15 ART 2008   [info] Velocity successfully started.
Wed Oct 01 15:11:15 ART 2008   [warn] org.apache.velocity.runtime.exception.ReferenceException: reference : template = message [line 1,column 6] : ${user} is not a valid reference.
Wed Oct 01 15:11:15 ART 2008   [warn] org.apache.velocity.runtime.exception.ReferenceException: reference : template = message [line 1,column 6] : ${user} is not a valid reference.
